This is pdfTeX, Version 3.141592653-2.6-1.40.26 (TeX Live 2024) (preloaded format=pdflatex 2024.4.11)  6 SEP 2024 23:11
entering extended mode
 restricted \write18 enabled.
 file:line:error style messages enabled.
 %&-line parsing enabled.
**d:/Study/Courses/2-1-IntroAI/Lab/BymlCjCTemplate/byml_CjC_template.tex
(d:/Study/Courses/2-1-IntroAI/Lab/BymlCjCTemplate/byml_CjC_template.tex
LaTeX2e <2023-11-01> patch level 1
L3 programming layer <2024-02-20>
(./CjC.cls
Document Class: CjC 2019/01/01 v0.1 CjC LaTeX Chinese template class
(d:/Program Files/texlive/2024/texmf-dist/tex/latex/base/article.cls
Document Class: article 2023/05/17 v1.4n Standard LaTeX document class
(d:/Program Files/texlive/2024/texmf-dist/tex/latex/base/size10.clo
File: size10.clo 2023/05/17 v1.4n Standard LaTeX file (size option)
)
\c@part=\count188
\c@section=\count189
\c@subsection=\count190
\c@subsubsection=\count191
\c@paragraph=\count192
\c@subparagraph=\count193
\c@figure=\count194
\c@table=\count195
\abovecaptionskip=\skip48
\belowcaptionskip=\skip49
\bibindent=\dimen140
) (d:/Program Files/texlive/2024/texmf-dist/tex/latex/base/ifthen.sty
Package: ifthen 2022/04/13 v1.1d Standard LaTeX ifthen package (DPC)
) (d:/Program Files/texlive/2024/texmf-dist/tex/latex/sttools/flushend.sty
Package: flushend 2021/10/04 v4.0 Balancing columns in twocolumn mode
\flushend@@lastskip@a=\skip50
\flushend@@lastskip@b=\skip51
\flushend@@lastnode=\count196
\var@@loop@iter=\count197
\var@@temp@spread=\dimen141
\var@@temp@a=\dimen142
\var@@temp@loop=\dimen143
\flushend@@page@rule=\dimen144
\flushend@@varbox@lastpage=\box51
\flushend@@varbox@a=\box52
\flushend@@varbox@c=\box53
\flushend@@tempbox@a=\box54
\flushend@@tempbox@c=\box55
\flushend@@floatbox=\box56
\@viper=\box57
\hold@viper=\box58
\atColsBreak=\toks17
\atColsEnd=\toks18
\oldbreak@skip=\dimen145
) (d:/Program Files/texlive/2024/texmf-dist/tex/latex/graphics/graphicx.sty
Package: graphicx 2021/09/16 v1.2d Enhanced LaTeX Graphics (DPC,SPQR)
 (d:/Program Files/texlive/2024/texmf-dist/tex/latex/graphics/keyval.sty
Package: keyval 2022/05/29 v1.15 key=value parser (DPC)
\KV@toks@=\toks19
) (d:/Program Files/texlive/2024/texmf-dist/tex/latex/graphics/graphics.sty
Package: graphics 2022/03/10 v1.4e Standard LaTeX Graphics (DPC,SPQR)
 (d:/Program Files/texlive/2024/texmf-dist/tex/latex/graphics/trig.sty
Package: trig 2021/08/11 v1.11 sin cos tan (DPC)
) (d:/Program Files/texlive/2024/texmf-dist/tex/latex/graphics-cfg/graphics.cfg
File: graphics.cfg 2016/06/04 v1.11 sample graphics configuration
)
Package graphics Info: Driver file: pdftex.def on input line 107.
 (d:/Program Files/texlive/2024/texmf-dist/tex/latex/graphics-def/pdftex.def
File: pdftex.def 2022/09/22 v1.2b Graphics/color driver for pdftex
))
\Gin@req@height=\dimen146
\Gin@req@width=\dimen147
) (d:/Program Files/texlive/2024/texmf-dist/tex/latex/psnfss/times.sty
Package: times 2020/03/25 PSNFSS-v9.3 (SPQR) 
) (./picins.sty Option `picins' Version 3.0 Sep. 1992, TH Darmstadt/HRZ
\@BILD=\box59
\@TEXT=\box60
\d@breite=\dimen148
\d@hoehe=\dimen149
\d@xoff=\dimen150
\d@yoff=\dimen151
\d@shad=\dimen152
\d@dash=\dimen153
\d@boxl=\dimen154
\d@pichskip=\dimen155
\d@tmp=\dimen156
\d@tmpa=\dimen157
\d@bskip=\dimen158
\hsiz@=\dimen159
\p@getot@l=\dimen160
\c@breite=\count198
\c@hoehe=\count199
\c@xoff=\count266
\c@yoff=\count267
\c@pos=\count268
\c@shad=\count269
\c@dash=\count270
\c@boxl=\count271
\c@zeilen=\count272
\@changemode=\count273
\c@piccaption=\count274
\c@piccaptionpos=\count275
\c@picpos=\count276
\c@whole=\count277
\c@half=\count278
\c@tmp=\count279
\c@tmpa=\count280
\c@tmpb=\count281
\c@tmpc=\count282
\c@tmpd=\count283
\d@leftskip=\skip52
\ptoti=\dimen161
\ptotii=\dimen162
\env@box=\box61
\d@envdp=\dimen163
\c@hsize=\count284
\c@envdp=\count285
\d@envb=\dimen164
) (d:/Program Files/texlive/2024/texmf-dist/tex/latex/ccaption/ccaption.sty
Package: ccaption 2011/08/07 v3.2c Extended captioning and new floats
\@contcwidth=\skip53
\@contindw=\skip54
\abovelegendskip=\skip55
\belowlegendskip=\skip56
\c@newflo@tctr=\count286
) (d:/Program Files/texlive/2024/texmf-dist/tex/latex/tools/calc.sty
Package: calc 2023/07/08 v4.3 Infix arithmetic (KKT,FJ)
\calc@Acount=\count287
\calc@Bcount=\count288
\calc@Adimen=\dimen165
\calc@Bdimen=\dimen166
\calc@Askip=\skip57
\calc@Bskip=\skip58
LaTeX Info: Redefining \setlength on input line 80.
LaTeX Info: Redefining \addtolength on input line 81.
\calc@Ccount=\count289
\calc@Cskip=\skip59
)
\CjC@linespace=\skip60


LaTeX Font Warning: Font shape `OT1/cmr/m/n' in size <10.53937> not available
(Font)              size <10.95> substituted on input line 110.

) (d:/Program Files/texlive/2024/texmf-dist/tex/latex/cjk/texinput/CJKutf8.sty
Package: CJKutf8 2021/10/16 4.8.5
 (d:/Program Files/texlive/2024/texmf-dist/tex/generic/iftex/ifpdf.sty
Package: ifpdf 2019/10/25 v3.4 ifpdf legacy package. Use iftex instead.
 (d:/Program Files/texlive/2024/texmf-dist/tex/generic/iftex/iftex.sty
Package: iftex 2022/02/03 v1.0f TeX engine tests
)) (d:/Program Files/texlive/2024/texmf-dist/tex/latex/base/inputenc.sty
Package: inputenc 2021/02/14 v1.3d Input encoding file
\inpenc@prehook=\toks20
\inpenc@posthook=\toks21
) (d:/Program Files/texlive/2024/texmf-dist/tex/latex/cjk/texinput/CJK.sty
Package: CJK 2021/10/16 4.8.5
 (d:/Program Files/texlive/2024/texmf-dist/tex/latex/cjk/texinput/mule/MULEenc.sty
Package: MULEenc 2021/10/16 4.8.5
) (d:/Program Files/texlive/2024/texmf-dist/tex/latex/cjk/texinput/CJK.enc
File: CJK.enc 2021/10/16 4.8.5
Now handling font encoding C00 ...
... no UTF-8 mapping file for font encoding C00
Now handling font encoding C05 ...
... no UTF-8 mapping file for font encoding C05
Now handling font encoding C09 ...
... no UTF-8 mapping file for font encoding C09
Now handling font encoding C10 ...
... no UTF-8 mapping file for font encoding C10
Now handling font encoding C20 ...
... no UTF-8 mapping file for font encoding C20
Now handling font encoding C19 ...
... no UTF-8 mapping file for font encoding C19
Now handling font encoding C40 ...
... no UTF-8 mapping file for font encoding C40
Now handling font encoding C42 ...
... no UTF-8 mapping file for font encoding C42
Now handling font encoding C43 ...
... no UTF-8 mapping file for font encoding C43
Now handling font encoding C50 ...
... no UTF-8 mapping file for font encoding C50
Now handling font encoding C52 ...
... no UTF-8 mapping file for font encoding C52
Now handling font encoding C49 ...
... no UTF-8 mapping file for font encoding C49
Now handling font encoding C60 ...
... no UTF-8 mapping file for font encoding C60
Now handling font encoding C61 ...
... no UTF-8 mapping file for font encoding C61
Now handling font encoding C63 ...
... no UTF-8 mapping file for font encoding C63
Now handling font encoding C64 ...
... no UTF-8 mapping file for font encoding C64
Now handling font encoding C65 ...
... no UTF-8 mapping file for font encoding C65
Now handling font encoding C70 ...
... no UTF-8 mapping file for font encoding C70
Now handling font encoding C31 ...
... no UTF-8 mapping file for font encoding C31
Now handling font encoding C32 ...
... no UTF-8 mapping file for font encoding C32
Now handling font encoding C33 ...
... no UTF-8 mapping file for font encoding C33
Now handling font encoding C34 ...
... no UTF-8 mapping file for font encoding C34
Now handling font encoding C35 ...
... no UTF-8 mapping file for font encoding C35
Now handling font encoding C36 ...
... no UTF-8 mapping file for font encoding C36
Now handling font encoding C37 ...
... no UTF-8 mapping file for font encoding C37
Now handling font encoding C80 ...
... no UTF-8 mapping file for font encoding C80
Now handling font encoding C81 ...
... no UTF-8 mapping file for font encoding C81
Now handling font encoding C01 ...
... no UTF-8 mapping file for font encoding C01
Now handling font encoding C11 ...
... no UTF-8 mapping file for font encoding C11
Now handling font encoding C21 ...
... no UTF-8 mapping file for font encoding C21
Now handling font encoding C41 ...
... no UTF-8 mapping file for font encoding C41
Now handling font encoding C62 ...
... no UTF-8 mapping file for font encoding C62
)
\CJK@indent=\box62
) (d:/Program Files/texlive/2024/texmf-dist/tex/latex/base/fontenc.sty
Package: fontenc 2021/04/29 v2.0v Standard LaTeX package
LaTeX Font Info:    Trying to load font information for OT1+ptm on input line 112.
 (d:/Program Files/texlive/2024/texmf-dist/tex/latex/psnfss/ot1ptm.fd
File: ot1ptm.fd 2001/06/04 font definitions for OT1/ptm.
))) (d:/Program Files/texlive/2024/texmf-dist/tex/latex/footmisc/footmisc.sty
Package: footmisc 2023/07/05 v6.0f a miscellany of footnote facilities
\FN@temptoken=\toks22
\footnotemargin=\dimen167
\@outputbox@depth=\dimen168
Package footmisc Info: Declaring symbol style bringhurst on input line 696.
Package footmisc Info: Declaring symbol style chicago on input line 704.
Package footmisc Info: Declaring symbol style wiley on input line 713.
Package footmisc Info: Declaring symbol style lamport-robust on input line 724.
Package footmisc Info: Declaring symbol style lamport* on input line 744.
Package footmisc Info: Declaring symbol style lamport*-robust on input line 765.
) (d:/Program Files/texlive/2024/texmf-dist/tex/latex/subfigure/subfigure.sty
Package: subfigure 2002/03/15 v2.1.5 subfigure package
\subfigtopskip=\skip61
\subfigcapskip=\skip62
\subfigcaptopadj=\dimen169
\subfigbottomskip=\skip63
\subfigcapmargin=\dimen170
\subfiglabelskip=\skip64
\c@subfigure=\count290
\c@lofdepth=\count291
\c@subtable=\count292
\c@lotdepth=\count293

****************************************
* Local config file subfigure.cfg used *
****************************************
(d:/Program Files/texlive/2024/texmf-dist/tex/latex/subfigure/subfigure.cfg)
\subfig@top=\skip65
\subfig@bottom=\skip66
) (d:/Program Files/texlive/2024/texmf-dist/tex/latex/url/url.sty
\Urlmuskip=\muskip16
Package: url 2013/09/16  ver 3.4  Verb mode for urls, etc.
) (d:/Program Files/texlive/2024/texmf-dist/tex/latex/multirow/multirow.sty
Package: multirow 2021/03/15 v2.8 Span multiple rows of a table
\multirow@colwidth=\skip67
\multirow@cntb=\count294
\multirow@dima=\skip68
\bigstrutjot=\dimen171
) (d:/Program Files/texlive/2024/texmf-dist/tex/latex/cite/cite.sty
LaTeX Info: Redefining \cite on input line 302.
LaTeX Info: Redefining \nocite on input line 332.
Package: cite 2015/02/27  v 5.5
) (d:/Program Files/texlive/2024/texmf-dist/tex/latex/amsmath/amsmath.sty
Package: amsmath 2023/05/13 v2.17o AMS math features
\@mathmargin=\skip69

For additional information on amsmath, use the `?' option.
(d:/Program Files/texlive/2024/texmf-dist/tex/latex/amsmath/amstext.sty
Package: amstext 2021/08/26 v2.01 AMS text
 (d:/Program Files/texlive/2024/texmf-dist/tex/latex/amsmath/amsgen.sty
File: amsgen.sty 1999/11/30 v2.0 generic functions
\@emptytoks=\toks23
\ex@=\dimen172
)) (d:/Program Files/texlive/2024/texmf-dist/tex/latex/amsmath/amsbsy.sty
Package: amsbsy 1999/11/29 v1.2d Bold Symbols
\pmbraise@=\dimen173
) (d:/Program Files/texlive/2024/texmf-dist/tex/latex/amsmath/amsopn.sty
Package: amsopn 2022/04/08 v2.04 operator names
)
\inf@bad=\count295
LaTeX Info: Redefining \frac on input line 234.
\uproot@=\count296
\leftroot@=\count297
LaTeX Info: Redefining \overline on input line 399.
LaTeX Info: Redefining \colon on input line 410.
\classnum@=\count298
\DOTSCASE@=\count299
LaTeX Info: Redefining \ldots on input line 496.
LaTeX Info: Redefining \dots on input line 499.
LaTeX Info: Redefining \cdots on input line 620.
\Mathstrutbox@=\box63
\strutbox@=\box64
LaTeX Info: Redefining \big on input line 722.
LaTeX Info: Redefining \Big on input line 723.
LaTeX Info: Redefining \bigg on input line 724.
LaTeX Info: Redefining \Bigg on input line 725.
\big@size=\dimen174
LaTeX Font Info:    Redeclaring font encoding OML on input line 743.
LaTeX Font Info:    Redeclaring font encoding OMS on input line 744.
\macc@depth=\count300
LaTeX Info: Redefining \bmod on input line 905.
LaTeX Info: Redefining \pmod on input line 910.
LaTeX Info: Redefining \smash on input line 940.
LaTeX Info: Redefining \relbar on input line 970.
LaTeX Info: Redefining \Relbar on input line 971.
\c@MaxMatrixCols=\count301
\dotsspace@=\muskip17
\c@parentequation=\count302
\dspbrk@lvl=\count303
\tag@help=\toks24
\row@=\count304
\column@=\count305
\maxfields@=\count306
\andhelp@=\toks25
\eqnshift@=\dimen175
\alignsep@=\dimen176
\tagshift@=\dimen177
\tagwidth@=\dimen178
\totwidth@=\dimen179
\lineht@=\dimen180
\@envbody=\toks26
\multlinegap=\skip70
\multlinetaggap=\skip71
\mathdisplay@stack=\toks27
LaTeX Info: Redefining \[ on input line 2953.
LaTeX Info: Redefining \] on input line 2954.
) (d:/Program Files/texlive/2024/texmf-dist/tex/latex/amscls/amsthm.sty
Package: amsthm 2020/05/29 v2.20.6
\thm@style=\toks28
\thm@bodyfont=\toks29
\thm@headfont=\toks30
\thm@notefont=\toks31
\thm@headpunct=\toks32
\thm@preskip=\skip72
\thm@postskip=\skip73
\thm@headsep=\skip74
\dth@everypar=\toks33
) (d:/Program Files/texlive/2024/texmf-dist/tex/latex/amsfonts/amssymb.sty
Package: amssymb 2013/01/14 v3.01 AMS font symbols
 (d:/Program Files/texlive/2024/texmf-dist/tex/latex/amsfonts/amsfonts.sty
Package: amsfonts 2013/01/14 v3.01 Basic AMSFonts support
\symAMSa=\mathgroup4
\symAMSb=\mathgroup5
LaTeX Font Info:    Redeclaring math symbol \hbar on input line 98.
LaTeX Font Info:    Overwriting math alphabet `\mathfrak' in version `bold'
(Font)                  U/euf/m/n --> U/euf/b/n on input line 106.
)) (d:/Program Files/texlive/2024/texmf-dist/tex/latex/booktabs/booktabs.sty
Package: booktabs 2020/01/12 v1.61803398 Publication quality tables
\heavyrulewidth=\dimen181
\lightrulewidth=\dimen182
\cmidrulewidth=\dimen183
\belowrulesep=\dimen184
\belowbottomsep=\dimen185
\aboverulesep=\dimen186
\abovetopsep=\dimen187
\cmidrulesep=\dimen188
\cmidrulekern=\dimen189
\defaultaddspace=\dimen190
\@cmidla=\count307
\@cmidlb=\count308
\@aboverulesep=\dimen191
\@belowrulesep=\dimen192
\@thisruleclass=\count309
\@lastruleclass=\count310
\@thisrulewidth=\dimen193
) (d:/Program Files/texlive/2024/texmf-dist/tex/latex/graphics/color.sty
Package: color 2022/01/06 v1.3d Standard LaTeX Color (DPC)
 (d:/Program Files/texlive/2024/texmf-dist/tex/latex/graphics-cfg/color.cfg
File: color.cfg 2016/01/02 v1.6 sample color configuration
)
Package color Info: Driver file: pdftex.def on input line 149.
 (d:/Program Files/texlive/2024/texmf-dist/tex/latex/graphics/mathcolor.ltx)) (d:/Program Files/texlive/2024/texmf-dist/tex/latex/float/float.sty
Package: float 2001/11/08 v1.3d Float enhancements (AL)
\c@float@type=\count311
\float@exts=\toks34
\float@box=\box65
\@float@everytoks=\toks35
\@floatcapt=\box66
) (d:/Program Files/texlive/2024/texmf-dist/tex/latex/fancyhdr/fancyhdr.sty
Package: fancyhdr 2022/11/09 v4.1 Extensive control of page headers and footers
\f@nch@headwidth=\skip75
\f@nch@O@elh=\skip76
\f@nch@O@erh=\skip77
\f@nch@O@olh=\skip78
\f@nch@O@orh=\skip79
\f@nch@O@elf=\skip80
\f@nch@O@erf=\skip81
\f@nch@O@olf=\skip82
\f@nch@O@orf=\skip83
) (d:/Program Files/texlive/2024/texmf-dist/tex/latex/caption/caption.sty
Package: caption 2023/08/05 v3.6o Customizing captions (AR)
 (d:/Program Files/texlive/2024/texmf-dist/tex/latex/caption/caption3.sty
Package: caption3 2023/07/31 v2.4d caption3 kernel (AR)
\caption@tempdima=\dimen194
\captionmargin=\dimen195
\caption@leftmargin=\dimen196
\caption@rightmargin=\dimen197
\caption@width=\dimen198
\caption@indent=\dimen199
\caption@parindent=\dimen256
\caption@hangindent=\dimen257
Package caption Info: Unknown document class (or package),
(caption)             standard defaults will be used.
Package caption Info: \@makecaption = \long macro:#1#2->\let \@conttempa \relax \ifdim \prevdepth >-99\p@ \vskip \abovecaptionskip \else \def \@conttempa {\vbox to\topskip {}}\fi \let \@contfnote \footnote \renewcommand {\footnote }[2][]{} \let \@contfmark \footnotemark \renewcommand {\footnotemark }[1][]{} \let \@contlabel \label \renewcommand {\label }[1]{} \sbox \@tempboxa {\@contnfont #1\@contdelim \@conttfont #2} \let \footnote \@contfnote \let \footnotemark \@contfmark \let \label \@contlabel \ifdim \wd \@tempboxa <\linewidth \centering \fi \if@contcw \centering \parbox {\@contcwidth }{\fi \if@conthang \sbox \@tempboxa {\@contnfont #1\@contdelim } \@contpre {\@contnfont #1\@contdelim }\@conttempa {\@contcstyle \hangindent =\wd \@tempboxa \hangafter =\@ne \@conttfont #2\par } \else \if@contindent \@contpre {\@contnfont #1\@contdelim }\@conttempa {\@contcstyle \hangindent =\@contindw \hangafter =\@ne \@conttfont #2\par } \else \@contpre {\@contnfont #1\@contdelim }\@conttempa {\@contcstyle \@conttfont #2\par } \fi \fi \@contpost \if@contcw \par } \fi \vskip \belowcaptionskip  on input line 1175.
)

Package caption Warning: Unknown document class (or package),
(caption)                standard defaults will be used.
See the caption package documentation for explanation.

\c@caption@flags=\count312
\c@continuedfloat=\count313
Package caption Info: float package is loaded.
Package caption Info: picins package is loaded.
Package caption Info: subfigure package is loaded.
) (d:/Program Files/texlive/2024/texmf-dist/tex/latex/xcolor/xcolor.sty
Package: xcolor 2023/11/15 v3.01 LaTeX color extensions (UK)
 (d:/Program Files/texlive/2024/texmf-dist/tex/latex/graphics-cfg/color.cfg
File: color.cfg 2016/01/02 v1.6 sample color configuration
)
Package xcolor Info: Driver file: pdftex.def on input line 274.
LaTeX Info: Redefining \color on input line 758.
 (d:/Program Files/texlive/2024/texmf-dist/tex/latex/graphics/mathcolor.ltx)
Package xcolor Info: Model `cmy' substituted by `cmy0' on input line 1350.
Package xcolor Info: Model `hsb' substituted by `rgb' on input line 1354.
Package xcolor Info: Model `RGB' extended on input line 1366.
Package xcolor Info: Model `HTML' substituted by `rgb' on input line 1368.
Package xcolor Info: Model `Hsb' substituted by `hsb' on input line 1369.
Package xcolor Info: Model `tHsb' substituted by `hsb' on input line 1370.
Package xcolor Info: Model `HSB' substituted by `hsb' on input line 1371.
Package xcolor Info: Model `Gray' substituted by `gray' on input line 1372.
Package xcolor Info: Model `wave' substituted by `hsb' on input line 1373.
) (d:/Program Files/texlive/2024/texmf-dist/tex/latex/sttools/stfloats.sty
Package: stfloats 2017/03/27 v3.3 Improve float mechanism and baselineskip settings
\@dblbotnum=\count314
\c@dblbotnumber=\count315
) (d:/Program Files/texlive/2024/texmf-dist/tex/latex/comment/comment.sty
\CommentStream=\write3
 Excluding comment 'comment') (d:/Program Files/texlive/2024/texmf-dist/tex/latex/sttools/cuted.sty
Package: cuted 2021/10/04 v2.0 Mixing onecolumn and twocolumn modes
\At@ViperColsBreak=\toks36
\preCutedStrip=\toks37
\postCutedStrip=\toks38
\cuted@@tempbox@a=\box67
\cuted@@tempbox@c=\box68
\cuted@@tempbox@var=\box69
\cuted@@varbox@a=\box70
\cuted@@varbox@c=\box71
\cuted@@tempdim@spread=\dimen258
\cuted@@tempdim@a=\dimen259
\cuted@@tempdim@b=\dimen260
\ht@hold@viper=\dimen261
\ht@viper=\dimen262
\var@@pagediscards@ht=\dimen263
\stripsep=\skip84
\viper@penalty=\count316
) (./captionhack.sty) (d:/Program Files/texlive/2024/texmf-dist/tex/latex/epstopdf-pkg/epstopdf.sty
Package: epstopdf 2020-01-24 v2.11 Conversion with epstopdf on the fly (HO)
 (d:/Program Files/texlive/2024/texmf-dist/tex/generic/infwarerr/infwarerr.sty
Package: infwarerr 2019/12/03 v1.5 Providing info/warning/error messages (HO)
) (d:/Program Files/texlive/2024/texmf-dist/tex/latex/grfext/grfext.sty
Package: grfext 2019/12/03 v1.3 Manage graphics extensions (HO)
 (d:/Program Files/texlive/2024/texmf-dist/tex/generic/kvdefinekeys/kvdefinekeys.sty
Package: kvdefinekeys 2019-12-19 v1.6 Define keys (HO)
)) (d:/Program Files/texlive/2024/texmf-dist/tex/latex/kvoptions/kvoptions.sty
Package: kvoptions 2022-06-15 v3.15 Key value format for package options (HO)
 (d:/Program Files/texlive/2024/texmf-dist/tex/generic/ltxcmds/ltxcmds.sty
Package: ltxcmds 2023-12-04 v1.26 LaTeX kernel commands for general use (HO)
) (d:/Program Files/texlive/2024/texmf-dist/tex/latex/kvsetkeys/kvsetkeys.sty
Package: kvsetkeys 2022-10-05 v1.19 Key value parser (HO)
)) (d:/Program Files/texlive/2024/texmf-dist/tex/generic/pdftexcmds/pdftexcmds.sty
Package: pdftexcmds 2020-06-27 v0.33 Utility functions of pdfTeX for LuaTeX (HO)
Package pdftexcmds Info: \pdf@primitive is available.
Package pdftexcmds Info: \pdf@ifprimitive is available.
Package pdftexcmds Info: \pdfdraftmode found.
) (d:/Program Files/texlive/2024/texmf-dist/tex/latex/epstopdf-pkg/epstopdf-base.sty
Package: epstopdf-base 2020-01-24 v2.11 Base part for package epstopdf
Package epstopdf-base Info: Redefining graphics rule for `.eps' on input line 485.
Package grfext Info: Graphics extension search list:
(grfext)             [.pdf,.png,.jpg,.mps,.jpeg,.jbig2,.jb2,.PDF,.PNG,.JPG,.JPEG,.JBIG2,.JB2,.eps]
(grfext)             \AppendGraphicsExtensions on input line 504.
 (d:/Program Files/texlive/2024/texmf-dist/tex/latex/latexconfig/epstopdf-sys.cfg
File: epstopdf-sys.cfg 2010/07/13 v1.3 Configuration of (r)epstopdf for TeX Live
))) (d:/Program Files/texlive/2024/texmf-dist/tex/latex/l3backend/l3backend-pdftex.def
File: l3backend-pdftex.def 2024-02-20 L3 backend support: PDF output (pdfTeX)
\l__color_backend_stack_int=\count317
\l__pdf_internal_box=\box72
)

LaTeX Warning: Unused global option(s):
    [10.5pt,journal].

(./byml_CjC_template.aux)
\openout1 = `byml_CjC_template.aux'.

LaTeX Font Info:    Checking defaults for OML/cmm/m/it on input line 88.
LaTeX Font Info:    ... okay on input line 88.
LaTeX Font Info:    Checking defaults for OMS/cmsy/m/n on input line 88.
LaTeX Font Info:    ... okay on input line 88.
LaTeX Font Info:    Checking defaults for OT1/cmr/m/n on input line 88.
LaTeX Font Info:    ... okay on input line 88.
LaTeX Font Info:    Checking defaults for T1/cmr/m/n on input line 88.
LaTeX Font Info:    ... okay on input line 88.
LaTeX Font Info:    Checking defaults for TS1/cmr/m/n on input line 88.
LaTeX Font Info:    ... okay on input line 88.
LaTeX Font Info:    Checking defaults for OMX/cmex/m/n on input line 88.
LaTeX Font Info:    ... okay on input line 88.
LaTeX Font Info:    Checking defaults for U/cmr/m/n on input line 88.
LaTeX Font Info:    ... okay on input line 88.
LaTeX Font Info:    Checking defaults for C00/song/m/n on input line 88.
LaTeX Font Info:    ... okay on input line 88.
LaTeX Font Info:    Checking defaults for C05/song/m/n on input line 88.
LaTeX Font Info:    ... okay on input line 88.
LaTeX Font Info:    Checking defaults for C09/song/m/n on input line 88.
LaTeX Font Info:    ... okay on input line 88.
LaTeX Font Info:    Checking defaults for C10/song/m/n on input line 88.
LaTeX Font Info:    ... okay on input line 88.
LaTeX Font Info:    Checking defaults for C20/song/m/n on input line 88.
LaTeX Font Info:    ... okay on input line 88.
LaTeX Font Info:    Checking defaults for C19/song/m/n on input line 88.
LaTeX Font Info:    ... okay on input line 88.
LaTeX Font Info:    Checking defaults for C40/song/m/n on input line 88.
LaTeX Font Info:    ... okay on input line 88.
LaTeX Font Info:    Checking defaults for C42/song/m/n on input line 88.
LaTeX Font Info:    ... okay on input line 88.
LaTeX Font Info:    Checking defaults for C43/song/m/n on input line 88.
LaTeX Font Info:    ... okay on input line 88.
LaTeX Font Info:    Checking defaults for C50/song/m/n on input line 88.
LaTeX Font Info:    ... okay on input line 88.
LaTeX Font Info:    Checking defaults for C52/song/m/n on input line 88.
LaTeX Font Info:    ... okay on input line 88.
LaTeX Font Info:    Checking defaults for C49/song/m/n on input line 88.
LaTeX Font Info:    ... okay on input line 88.
LaTeX Font Info:    Checking defaults for C60/mj/m/n on input line 88.
LaTeX Font Info:    ... okay on input line 88.
LaTeX Font Info:    Checking defaults for C61/mj/m/n on input line 88.
LaTeX Font Info:    ... okay on input line 88.
LaTeX Font Info:    Checking defaults for C63/mj/m/n on input line 88.
LaTeX Font Info:    ... okay on input line 88.
LaTeX Font Info:    Checking defaults for C64/mj/m/n on input line 88.
LaTeX Font Info:    ... okay on input line 88.
LaTeX Font Info:    Checking defaults for C65/mj/m/n on input line 88.
LaTeX Font Info:    ... okay on input line 88.
LaTeX Font Info:    Checking defaults for C70/song/m/n on input line 88.
LaTeX Font Info:    ... okay on input line 88.
LaTeX Font Info:    Checking defaults for C31/song/m/n on input line 88.
LaTeX Font Info:    ... okay on input line 88.
LaTeX Font Info:    Checking defaults for C32/song/m/n on input line 88.
LaTeX Font Info:    ... okay on input line 88.
LaTeX Font Info:    Checking defaults for C33/song/m/n on input line 88.
LaTeX Font Info:    ... okay on input line 88.
LaTeX Font Info:    Checking defaults for C34/song/m/n on input line 88.
LaTeX Font Info:    ... okay on input line 88.
LaTeX Font Info:    Checking defaults for C35/song/m/n on input line 88.
LaTeX Font Info:    ... okay on input line 88.
LaTeX Font Info:    Checking defaults for C36/song/m/n on input line 88.
LaTeX Font Info:    ... okay on input line 88.
LaTeX Font Info:    Checking defaults for C37/song/m/n on input line 88.
LaTeX Font Info:    ... okay on input line 88.
LaTeX Font Info:    Checking defaults for C80/song/m/n on input line 88.
LaTeX Font Info:    ... okay on input line 88.
LaTeX Font Info:    Checking defaults for C81/song/m/n on input line 88.
LaTeX Font Info:    ... okay on input line 88.
LaTeX Font Info:    Checking defaults for C01/song/m/n on input line 88.
LaTeX Font Info:    ... okay on input line 88.
LaTeX Font Info:    Checking defaults for C11/song/m/n on input line 88.
LaTeX Font Info:    ... okay on input line 88.
LaTeX Font Info:    Checking defaults for C21/song/m/n on input line 88.
LaTeX Font Info:    ... okay on input line 88.
LaTeX Font Info:    Checking defaults for C41/song/m/n on input line 88.
LaTeX Font Info:    ... okay on input line 88.
LaTeX Font Info:    Checking defaults for C62/song/m/n on input line 88.
LaTeX Font Info:    ... okay on input line 88.
 (d:/Program Files/texlive/2024/texmf-dist/tex/context/base/mkii/supp-pdf.mkii
[Loading MPS to PDF converter (version 2006.09.02).]
\scratchcounter=\count318
\scratchdimen=\dimen264
\scratchbox=\box73
\nofMPsegments=\count319
\nofMParguments=\count320
\everyMPshowfont=\toks39
\MPscratchCnt=\count321
\MPscratchDim=\dimen265
\MPnumerator=\count322
\makeMPintoPDFobject=\count323
\everyMPtoPDFconversion=\toks40
)
Package caption Info: Begin \AtBeginDocument code.
Package caption Info: End \AtBeginDocument code.
LaTeX Font Info:    Calculating math sizes for size <10.53937> on input line 106.


LaTeX Font Warning: Font shape `OML/cmm/m/it' in size <10.53937> not available
(Font)              size <10.95> substituted on input line 106.


LaTeX Font Warning: Font shape `OMS/cmsy/m/n' in size <10.53937> not available
(Font)              size <10.95> substituted on input line 106.

LaTeX Font Info:    Trying to load font information for U+msa on input line 106.
(d:/Program Files/texlive/2024/texmf-dist/tex/latex/amsfonts/umsa.fd
File: umsa.fd 2013/01/14 v3.01 AMS symbols A
)
LaTeX Font Info:    Trying to load font information for U+msb on input line 106.
 (d:/Program Files/texlive/2024/texmf-dist/tex/latex/amsfonts/umsb.fd
File: umsb.fd 2013/01/14 v3.01 AMS symbols B
) (d:/Program Files/texlive/2024/texmf-dist/tex/latex/cjk/texinput/UTF8/UTF8.bdg
File: UTF8.bdg 2021/10/16 4.8.5
) (d:/Program Files/texlive/2024/texmf-dist/tex/latex/cjk/texinput/UTF8/UTF8.enc
File: UTF8.enc 2021/10/16 4.8.5
) (d:/Program Files/texlive/2024/texmf-dist/tex/latex/cjk/texinput/UTF8/UTF8.chr
File: UTF8.chr 2021/10/16 4.8.5
)
LaTeX Font Info:    Trying to load font information for C70+song on input line 108.
 (d:/Program Files/texlive/2024/texmf-dist/tex/latex/cjk/texinput/UTF8/c70song.fd
File: c70song.fd 2021/10/16 4.8.5
) (d:/Program Files/texlive/2024/texmf-dist/tex/latex/cjk/texinput/UTF8/UTF8.enc
File: UTF8.enc 2021/10/16 4.8.5
) (d:/Program Files/texlive/2024/texmf-dist/tex/latex/cjk/texinput/UTF8/UTF8.chr
File: UTF8.chr 2021/10/16 4.8.5
)
Overfull \hbox (0.61888pt too wide) in paragraph at lines 106--123
[][] 
 []

(d:/Program Files/texlive/2024/texmf-dist/tex/latex/cjk/texinput/UTF8/UTF8.enc
File: UTF8.enc 2021/10/16 4.8.5
) (d:/Program Files/texlive/2024/texmf-dist/tex/latex/cjk/texinput/UTF8/UTF8.chr
File: UTF8.chr 2021/10/16 4.8.5
)
LaTeX Font Info:    Trying to load font information for C70+hei on input line 128.
 (d:/Program Files/texlive/texmf-local/tex/latex/zhmetrics/c70hei.fd
File: c70hei.fd 2009/09/23 4.8.2
) (d:/Program Files/texlive/2024/texmf-dist/tex/latex/cjk/texinput/UTF8/UTF8.enc
File: UTF8.enc 2021/10/16 4.8.5
) (d:/Program Files/texlive/2024/texmf-dist/tex/latex/cjk/texinput/UTF8/UTF8.chr
File: UTF8.chr 2021/10/16 4.8.5
)
LaTeX Font Info:    Calculating math sizes for size <16.06> on input line 134.


LaTeX Font Warning: Font shape `OT1/cmr/m/n' in size <16.06> not available
(Font)              size <17.28> substituted on input line 134.


LaTeX Font Warning: Font shape `OML/cmm/m/it' in size <16.06> not available
(Font)              size <17.28> substituted on input line 134.


LaTeX Font Warning: Font shape `OMS/cmsy/m/n' in size <16.06> not available
(Font)              size <17.28> substituted on input line 134.

(d:/Program Files/texlive/2024/texmf-dist/tex/latex/cjk/texinput/UTF8/UTF8.enc
File: UTF8.enc 2021/10/16 4.8.5
) (d:/Program Files/texlive/2024/texmf-dist/tex/latex/cjk/texinput/UTF8/UTF8.chr
File: UTF8.chr 2021/10/16 4.8.5
)
LaTeX Font Info:    Calculating math sizes for size <7.52812> on input line 140.


LaTeX Font Warning: Font shape `OT1/cmr/m/n' in size <7.52812> not available
(Font)              size <8> substituted on input line 140.


LaTeX Font Warning: Font shape `OT1/cmr/m/n' in size <3.76405> not available
(Font)              size <5> substituted on input line 140.


LaTeX Font Warning: Font shape `OML/cmm/m/it' in size <7.52812> not available
(Font)              size <8> substituted on input line 140.


LaTeX Font Warning: Font shape `OML/cmm/m/it' in size <3.76405> not available
(Font)              size <5> substituted on input line 140.


LaTeX Font Warning: Font shape `OMS/cmsy/m/n' in size <7.52812> not available
(Font)              size <8> substituted on input line 140.


LaTeX Font Warning: Font shape `OMS/cmsy/m/n' in size <3.76405> not available
(Font)              size <5> substituted on input line 140.

(d:/Program Files/texlive/2024/texmf-dist/tex/latex/cjk/texinput/UTF8/UTF8.enc
File: UTF8.enc 2021/10/16 4.8.5
) (d:/Program Files/texlive/2024/texmf-dist/tex/latex/cjk/texinput/UTF8/UTF8.chr
File: UTF8.chr 2021/10/16 4.8.5
) (d:/Program Files/texlive/2024/texmf-dist/tex/latex/cjk/texinput/UTF8/UTF8.enc
File: UTF8.enc 2021/10/16 4.8.5
) (d:/Program Files/texlive/2024/texmf-dist/tex/latex/cjk/texinput/UTF8/UTF8.chr
File: UTF8.chr 2021/10/16 4.8.5
) (d:/Program Files/texlive/2024/texmf-dist/tex/latex/cjk/texinput/UTF8/UTF8.enc
File: UTF8.enc 2021/10/16 4.8.5
) (d:/Program Files/texlive/2024/texmf-dist/tex/latex/cjk/texinput/UTF8/UTF8.chr
File: UTF8.chr 2021/10/16 4.8.5
) (d:/Program Files/texlive/2024/texmf-dist/tex/latex/cjk/texinput/UTF8/UTF8.enc
File: UTF8.enc 2021/10/16 4.8.5
) (d:/Program Files/texlive/2024/texmf-dist/tex/latex/cjk/texinput/UTF8/UTF8.chr
File: UTF8.chr 2021/10/16 4.8.5
) (d:/Program Files/texlive/2024/texmf-dist/tex/latex/cjk/texinput/UTF8/UTF8.enc
File: UTF8.enc 2021/10/16 4.8.5
) (d:/Program Files/texlive/2024/texmf-dist/tex/latex/cjk/texinput/UTF8/UTF8.chr
File: UTF8.chr 2021/10/16 4.8.5
) (d:/Program Files/texlive/2024/texmf-dist/tex/latex/cjk/texinput/UTF8/UTF8.enc
File: UTF8.enc 2021/10/16 4.8.5
) (d:/Program Files/texlive/2024/texmf-dist/tex/latex/cjk/texinput/UTF8/UTF8.chr
File: UTF8.chr 2021/10/16 4.8.5
) (d:/Program Files/texlive/2024/texmf-dist/tex/latex/cjk/texinput/UTF8/UTF8.enc
File: UTF8.enc 2021/10/16 4.8.5
) (d:/Program Files/texlive/2024/texmf-dist/tex/latex/cjk/texinput/UTF8/UTF8.chr
File: UTF8.chr 2021/10/16 4.8.5
) (d:/Program Files/texlive/2024/texmf-dist/tex/latex/cjk/texinput/UTF8/UTF8.enc
File: UTF8.enc 2021/10/16 4.8.5
) (d:/Program Files/texlive/2024/texmf-dist/tex/latex/cjk/texinput/UTF8/UTF8.chr
File: UTF8.chr 2021/10/16 4.8.5
) (d:/Program Files/texlive/2024/texmf-dist/tex/latex/cjk/texinput/UTF8/UTF8.enc
File: UTF8.enc 2021/10/16 4.8.5
) (d:/Program Files/texlive/2024/texmf-dist/tex/latex/cjk/texinput/UTF8/UTF8.chr
File: UTF8.chr 2021/10/16 4.8.5
) (d:/Program Files/texlive/2024/texmf-dist/tex/latex/cjk/texinput/UTF8/UTF8.enc
File: UTF8.enc 2021/10/16 4.8.5
) (d:/Program Files/texlive/2024/texmf-dist/tex/latex/cjk/texinput/UTF8/UTF8.chr
File: UTF8.chr 2021/10/16 4.8.5
) (d:/Program Files/texlive/2024/texmf-dist/tex/latex/cjk/texinput/UTF8/UTF8.enc
File: UTF8.enc 2021/10/16 4.8.5
) (d:/Program Files/texlive/2024/texmf-dist/tex/latex/cjk/texinput/UTF8/UTF8.chr
File: UTF8.chr 2021/10/16 4.8.5
) (d:/Program Files/texlive/2024/texmf-dist/tex/latex/cjk/texinput/UTF8/UTF8.enc
File: UTF8.enc 2021/10/16 4.8.5
) (d:/Program Files/texlive/2024/texmf-dist/tex/latex/cjk/texinput/UTF8/UTF8.chr
File: UTF8.chr 2021/10/16 4.8.5
) [1{d:/Program Files/texlive/2024/texmf-var/fonts/map/pdftex/updmap/pdftex.map}{d:/Program Files/texlive/2024/texmf-dist/fonts/enc/dvips/base/8r.enc}]
CUTED [- LAST -]
Extra skip:0.0pt
Left:0.0pt/0.0pt
Right:0.0pt/0.0pt
Split: 0.0pt
Output:0.0pt
Pageshrink: 0.0pt
Pagestretch: 0.0pt
@colht:668.63977pt
CUTED [output]: 0.0pt
CUTED [leftcolumn badness]: 0
CUTED [rightcolumn badness]: 0
 (d:/Program Files/texlive/2024/texmf-dist/tex/latex/cjk/texinput/UTF8/UTF8.enc
File: UTF8.enc 2021/10/16 4.8.5
) (d:/Program Files/texlive/2024/texmf-dist/tex/latex/cjk/texinput/UTF8/UTF8.chr
File: UTF8.chr 2021/10/16 4.8.5
)
<CJC1.pdf, id=93, 1897.0875pt x 1192.455pt>
File: CJC1.pdf Graphic file (type pdf)
<use CJC1.pdf>
Package pdftex.def Info: CJC1.pdf  used on input line 261.
(pdftex.def)             Requested size: 227.64067pt x 143.08842pt.
LaTeX Font Info:    Trying to load font information for C70+kai on input line 301.
 (d:/Program Files/texlive/texmf-local/tex/latex/zhmetrics/c70kai.fd
File: c70kai.fd 2009/09/23 4.8.2
) (./byml_CjC_template.bbl)
[leftcolumn badness]: 1000000 on 23.64311pt
[rightcolumn badness]: 1000000 on 23.64311pt
[leftcolumn badness]: 1000000 on 23.64311pt
[rightcolumn badness]: 1000000 on 23.64311pt
[leftcolumn badness]: 1000000 on 23.64311pt
[rightcolumn badness]: 1000000 on 23.64311pt
[leftcolumn badness]: 1000000 on 23.64311pt
[rightcolumn badness]: 1000000 on 23.64311pt
[leftcolumn badness]: 1000000 on 23.64311pt
[rightcolumn badness]: 1000000 on 23.64311pt
[leftcolumn badness]: 1000000 on 23.64311pt
[rightcolumn badness]: 1000000 on 23.64311pt
[leftcolumn badness]: 1000000 on 23.64311pt
[rightcolumn badness]: 1000000 on 23.64311pt
[leftcolumn badness]: 1000000 on 23.64311pt
[rightcolumn badness]: 1000000 on 23.64311pt
[leftcolumn badness]: 1000000 on 23.64311pt
[rightcolumn badness]: 1000000 on 23.64311pt
[leftcolumn badness]: 1000000 on 23.64311pt
[rightcolumn badness]: 1000000 on 23.64311pt
[leftcolumn badness]: 1000000 on 23.64311pt
[rightcolumn badness]: 1000000 on 23.64311pt
[leftcolumn badness]: 1000000 on 23.64311pt
[rightcolumn badness]: 1000000 on 23.64311pt
[leftcolumn badness]: 1000000 on 23.64311pt
[rightcolumn badness]: 1000000 on 23.64311pt
[leftcolumn badness]: 1000000 on 23.64311pt
[rightcolumn badness]: 1000000 on 23.64311pt
[leftcolumn badness]: 1000000 on 23.64311pt
[rightcolumn badness]: 1000000 on 23.64311pt
[leftcolumn badness]: 1000000 on 23.64311pt
[rightcolumn badness]: 1000000 on 23.64311pt
[leftcolumn badness]: 1000000 on 23.64311pt
[rightcolumn badness]: 1000000 on 23.64311pt
[leftcolumn badness]: 1000000 on 23.64311pt
[rightcolumn badness]: 1000000 on 23.64311pt
[leftcolumn badness]: 1000000 on 23.64311pt
[rightcolumn badness]: 1000000 on 23.64311pt
[leftcolumn badness]: 1000000 on 23.64311pt
[rightcolumn badness]: 1000000 on 23.64311pt
[leftcolumn badness]: 1000000 on 23.64311pt
[rightcolumn badness]: 1000000 on 23.64311pt
[leftcolumn badness]: 1000000 on 23.64311pt
[rightcolumn badness]: 1000000 on 23.64311pt
[leftcolumn badness]: 1000000 on 23.64311pt
[rightcolumn badness]: 1000000 on 23.64311pt
[leftcolumn badness]: 1000000 on 23.64311pt
[rightcolumn badness]: 1000000 on 23.64311pt
[leftcolumn badness]: 1000000 on 23.64311pt
[rightcolumn badness]: 1000000 on 23.64311pt
[leftcolumn badness]: 1000000 on 23.64311pt
[rightcolumn badness]: 1000000 on 23.64311pt
[leftcolumn badness]: 1000000 on 23.64311pt
[rightcolumn badness]: 1000000 on 23.64311pt
[leftcolumn badness]: 1000000 on 23.64311pt
[rightcolumn badness]: 1000000 on 23.64311pt
[leftcolumn badness]: 1000000 on 23.64311pt
[rightcolumn badness]: 1000000 on 23.64311pt
[leftcolumn badness]: 1000000 on 23.64311pt
[rightcolumn badness]: 1000000 on 23.64311pt
[leftcolumn badness]: 1000000 on 23.64311pt
[rightcolumn badness]: 1000000 on 23.64311pt
[leftcolumn badness]: 1000000 on 23.64311pt
[rightcolumn badness]: 1000000 on 23.64311pt
[leftcolumn badness]: 1000000 on 23.64311pt
[rightcolumn badness]: 1000000 on 23.64311pt
[leftcolumn badness]: 1000000 on 23.64311pt
[rightcolumn badness]: 1000000 on 23.64311pt
[leftcolumn badness]: 1000000 on 23.64311pt
[rightcolumn badness]: 1000000 on 23.64311pt
[leftcolumn badness]: 1000000 on 23.64311pt
[rightcolumn badness]: 1000000 on 23.64311pt
[leftcolumn badness]: 1000000 on 23.64311pt
[rightcolumn badness]: 1000000 on 23.64311pt
[leftcolumn badness]: 1000000 on 23.64311pt
[rightcolumn badness]: 1000000 on 23.64311pt
[leftcolumn badness]: 1000000 on 23.64311pt
[rightcolumn badness]: 1000000 on 23.64311pt
[leftcolumn badness]: 1000000 on 23.64311pt
[rightcolumn badness]: 1000000 on 23.64311pt
[leftcolumn badness]: 1000000 on 23.64311pt
[rightcolumn badness]: 1000000 on 23.64311pt
[leftcolumn badness]: 1000000 on 23.64311pt
[rightcolumn badness]: 1000000 on 23.64311pt
[leftcolumn badness]: 1000000 on 23.64311pt
[rightcolumn badness]: 1000000 on 23.64311pt
[leftcolumn badness]: 1000000 on 23.64311pt
[rightcolumn badness]: 1000000 on 23.64311pt
[leftcolumn badness]: 1000000 on 23.64311pt
[rightcolumn badness]: 1000000 on 23.64311pt
[leftcolumn badness]: 1000000 on 23.64311pt
[rightcolumn badness]: 1000000 on 23.64311pt
[leftcolumn badness]: 1000000 on 23.64311pt
[rightcolumn badness]: 1000000 on 23.64311pt
[leftcolumn badness]: 1000000 on 23.64311pt
[rightcolumn badness]: 1000000 on 23.64311pt
[leftcolumn badness]: 1000000 on 23.64311pt
[rightcolumn badness]: 1000000 on 23.64311pt
[leftcolumn badness]: 1000000 on 23.64311pt
[rightcolumn badness]: 1000000 on 23.64311pt
[leftcolumn badness]: 1000000 on 23.64311pt
[rightcolumn badness]: 1000000 on 23.64311pt
[leftcolumn badness]: 1000000 on 23.64311pt
[rightcolumn badness]: 1000000 on 23.64311pt
[leftcolumn badness]: 1000000 on 23.64311pt
[rightcolumn badness]: 1000000 on 23.64311pt
[leftcolumn badness]: 1000000 on 23.64311pt
[rightcolumn badness]: 1000000 on 23.64311pt
[leftcolumn badness]: 1000000 on 23.64311pt
[rightcolumn badness]: 1000000 on 23.64311pt
[leftcolumn badness]: 1000000 on 23.64311pt
[rightcolumn badness]: 1000000 on 23.64311pt
[leftcolumn badness]: 1000000 on 23.64311pt
[rightcolumn badness]: 1000000 on 23.64311pt
[leftcolumn badness]: 1000000 on 23.64311pt
[rightcolumn badness]: 1000000 on 23.64311pt
[leftcolumn badness]: 1000000 on 23.64311pt
[rightcolumn badness]: 1000000 on 23.64311pt
[leftcolumn badness]: 1000000 on 23.64311pt
[rightcolumn badness]: 1000000 on 23.64311pt
[leftcolumn badness]: 1000000 on 23.64311pt
[rightcolumn badness]: 1000000 on 23.64311pt
[leftcolumn badness]: 1000000 on 23.64311pt
[rightcolumn badness]: 1000000 on 23.64311pt
[leftcolumn badness]: 1000000 on 23.64311pt
[rightcolumn badness]: 1000000 on 23.64311pt
[leftcolumn badness]: 1000000 on 23.64311pt
[rightcolumn badness]: 1000000 on 23.64311pt
[leftcolumn badness]: 1000000 on 23.64311pt
[rightcolumn badness]: 1000000 on 23.64311pt
[leftcolumn badness]: 1000000 on 23.64311pt
[rightcolumn badness]: 1000000 on 23.64311pt
[leftcolumn badness]: 1000000 on 23.64311pt
[rightcolumn badness]: 1000000 on 23.64311pt
[leftcolumn badness]: 1000000 on 23.64311pt
[rightcolumn badness]: 1000000 on 23.64311pt
[leftcolumn badness]: 1000000 on 23.64311pt
[rightcolumn badness]: 1000000 on 23.64311pt
[leftcolumn badness]: 1000000 on 23.64311pt
[rightcolumn badness]: 1000000 on 23.64311pt
[leftcolumn badness]: 1000000 on 23.64311pt
[rightcolumn badness]: 1000000 on 23.64311pt
[leftcolumn badness]: 1000000 on 23.64311pt
[rightcolumn badness]: 1000000 on 23.64311pt
[leftcolumn badness]: 1000000 on 23.64311pt
[rightcolumn badness]: 1000000 on 23.64311pt
[leftcolumn badness]: 1000000 on 23.64311pt
[rightcolumn badness]: 1000000 on 23.64311pt
[leftcolumn badness]: 1000000 on 23.64311pt
[rightcolumn badness]: 1000000 on 23.64311pt
[leftcolumn badness]: 1000000 on 23.64311pt
[rightcolumn badness]: 1000000 on 23.64311pt
[leftcolumn badness]: 1000000 on 23.64311pt
[rightcolumn badness]: 1000000 on 23.64311pt
[leftcolumn badness]: 1000000 on 23.64311pt
[rightcolumn badness]: 1000000 on 23.64311pt
[leftcolumn badness]: 1000000 on 23.64311pt
[rightcolumn badness]: 1000000 on 23.64311pt
[leftcolumn badness]: 1000000 on 23.64311pt
[rightcolumn badness]: 1000000 on 23.64311pt
[leftcolumn badness]: 1000000 on 23.64311pt
[rightcolumn badness]: 1000000 on 23.64311pt
[leftcolumn badness]: 1000000 on 23.64311pt
[rightcolumn badness]: 1000000 on 23.64311pt
[leftcolumn badness]: 1000000 on 23.64311pt
[rightcolumn badness]: 1000000 on 23.64311pt
[leftcolumn badness]: 1000000 on 23.64311pt
[rightcolumn badness]: 1000000 on 23.64311pt
[leftcolumn badness]: 1000000 on 23.64311pt
[rightcolumn badness]: 1000000 on 23.64311pt
[leftcolumn badness]: 1000000 on 23.64311pt
[rightcolumn badness]: 1000000 on 23.64311pt
[leftcolumn badness]: 1000000 on 23.64311pt
[rightcolumn badness]: 1000000 on 23.64311pt
[leftcolumn badness]: 1000000 on 23.64311pt
[rightcolumn badness]: 1000000 on 23.64311pt
[leftcolumn badness]: 1000000 on 23.64311pt
[rightcolumn badness]: 1000000 on 23.64311pt
[leftcolumn badness]: 1000000 on 23.64311pt
[rightcolumn badness]: 1000000 on 23.64311pt
[leftcolumn badness]: 1000000 on 23.64311pt
[rightcolumn badness]: 1000000 on 23.64311pt
[leftcolumn badness]: 1000000 on 23.64311pt
[rightcolumn badness]: 1000000 on 23.64311pt
[leftcolumn badness]: 1000000 on 23.64311pt
[rightcolumn badness]: 1000000 on 23.64311pt
[leftcolumn badness]: 1000000 on 23.64311pt
[rightcolumn badness]: 1000000 on 23.64311pt
[leftcolumn badness]: 1000000 on 23.64311pt
[rightcolumn badness]: 1000000 on 23.64311pt
[leftcolumn badness]: 1000000 on 23.64311pt
[rightcolumn badness]: 1000000 on 23.64311pt
[leftcolumn badness]: 1000000 on 23.64311pt
[rightcolumn badness]: 1000000 on 23.64311pt
[leftcolumn badness]: 1000000 on 23.64311pt
[rightcolumn badness]: 1000000 on 23.64311pt
[leftcolumn badness]: 1000000 on 23.64311pt
[rightcolumn badness]: 1000000 on 23.64311pt
[leftcolumn badness]: 1000000 on 23.64311pt
[rightcolumn badness]: 1000000 on 23.64311pt
[leftcolumn badness]: 1000000 on 23.64311pt
[rightcolumn badness]: 1000000 on 23.64311pt
[leftcolumn badness]: 1000000 on 23.64311pt
[rightcolumn badness]: 1000000 on 23.64311pt
[leftcolumn badness]: 1000000 on 23.64311pt
[rightcolumn badness]: 1000000 on 23.64311pt
[leftcolumn badness]: 1000000 on 23.64311pt
[rightcolumn badness]: 1000000 on 23.64311pt
- LAST -
Extra skip:240.39723pt
Left:386.57788pt/0.0pt
Right:144.22493pt/1.95572pt
Split: 381.1114pt
Output:381.1114pt
Pageshrink: 0.0pt
Pagestretch: 0.0pt
@colht:665.62834pt
FLUSHEND [output]: 381.1114pt
FLUSHEND [leftcolumn badness]: 75
FUSHEND [rightcolumn badness]: 10000
 (d:/Program Files/texlive/2024/texmf-dist/tex/latex/cjk/texinput/UTF8/UTF8.enc
File: UTF8.enc 2021/10/16 4.8.5
) (d:/Program Files/texlive/2024/texmf-dist/tex/latex/cjk/texinput/UTF8/UTF8.chr
File: UTF8.chr 2021/10/16 4.8.5
) (d:/Program Files/texlive/2024/texmf-dist/tex/latex/cjk/texinput/UTF8/UTF8.enc
File: UTF8.enc 2021/10/16 4.8.5
) (d:/Program Files/texlive/2024/texmf-dist/tex/latex/cjk/texinput/UTF8/UTF8.chr
File: UTF8.chr 2021/10/16 4.8.5
) [2



 <./CJC1.pdf>] (./byml_CjC_template.aux)
 ***********
LaTeX2e <2023-11-01> patch level 1
L3 programming layer <2024-02-20>
 ***********


LaTeX Font Warning: Size substitutions with differences
(Font)              up to 1.23595pt have occurred.

 ) 
Here is how much of TeX's memory you used:
 8846 strings out of 476023
 143572 string characters out of 5790298
 1939190 words of memory out of 5000000
 30531 multiletter control sequences out of 15000+600000
 606389 words of font info for 187 fonts, out of 8000000 for 9000
 36 hyphenation exceptions out of 8191
 72i,10n,79p,1089b,981s stack positions out of 10000i,1000n,20000p,200000b,200000s
 <c:/Users/byml/.texlive2024/texmf-var/fonts/pk/modeless/zhmetrics/unihei/unihei73.632pk> <c:/Users/byml/.texlive2024/texmf-var/fonts/pk/modeless/zhmetrics/unihei/unihei65.632pk> <c:/Users/byml/.texlive2024/texmf-var/fonts/pk/modeless/zhmetrics/unihei/unihei80.632pk> <c:/Users/byml/.texlive2024/texmf-var/fonts/pk/modeless/zhmetrics/unihei/unihei53.632pk> <c:/Users/byml/.texlive2024/texmf-var/fonts/pk/modeless/zhmetrics/unikai/unikai30.632pk> <c:/Users/byml/.texlive2024/texmf-var/fonts/pk/modeless/zhmetrics/unikai/unikai7d.632pk> <c:/Users/byml/.texlive2024/texmf-var/fonts/pk/modeless/zhmetrics/unikai/unikai6c.632pk> <c:/Users/byml/.texlive2024/texmf-var/fonts/pk/modeless/zhmetrics/unikai/unikai80.632pk> <c:/Users/byml/.texlive2024/texmf-var/fonts/pk/modeless/zhmetrics/unikai/unikai4e.632pk> <c:/Users/byml/.texlive2024/texmf-var/fonts/pk/modeless/zhmetrics/unikai/unikai5c.632pk> <c:/Users/byml/.texlive2024/texmf-var/fonts/pk/modeless/zhmetrics/unikai/unikai54.632pk> <c:/Users/byml/.texlive2024/texmf-var/fonts/pk/modeless/zhmetrics/unikai/unikaiff.632pk> <c:/Users/byml/.texlive2024/texmf-var/fonts/pk/modeless/zhmetrics/unikai/unikai8f.632pk> <c:/Users/byml/.texlive2024/texmf-var/fonts/pk/modeless/zhmetrics/unikai/unikai4f.632pk> <c:/Users/byml/.texlive2024/texmf-var/fonts/pk/modeless/zhmetrics/unikai/unikai51.632pk> <c:/Users/byml/.texlive2024/texmf-var/fonts/pk/modeless/zhmetrics/unikai/unikai6f.632pk> <c:/Users/byml/.texlive2024/texmf-var/fonts/pk/modeless/zhmetrics/unikai/unikai8d.632pk> <c:/Users/byml/.texlive2024/texmf-var/fonts/pk/modeless/zhmetrics/unihei/unihei8c.632pk> <c:/Users/byml/.texlive2024/texmf-var/fonts/pk/modeless/zhmetrics/unihei/unihei81.632pk> <c:/Users/byml/.texlive2024/texmf-var/fonts/pk/modeless/zhmetrics/cyberb/cyberb5b.632pk> <c:/Users/byml/.texlive2024/texmf-var/fonts/pk/modeless/zhmetrics/cyberb/cyberb51.632pk> <c:/Users/byml/.texlive2024/texmf-var/fonts/pk/modeless/zhmetrics/cyberb/cyberb67.632pk> <c:/Users/byml/.texlive2024/texmf-var/fonts/pk/modeless/zhmetrics/cyberb/cyberb89.632pk> <c:/Users/byml/.texlive2024/texmf-var/fonts/pk/modeless/zhmetrics/cyberb/cyberb59.632pk> <c:/Users/byml/.texlive2024/texmf-var/fonts/pk/modeless/zhmetrics/cyberb/cyberb7b.632pk> <c:/Users/byml/.texlive2024/texmf-var/fonts/pk/modeless/zhmetrics/cyberb/cyberb88.632pk> <c:/Users/byml/.texlive2024/texmf-var/fonts/pk/modeless/zhmetrics/cyberb/cyberb4f.632pk> <c:/Users/byml/.texlive2024/texmf-var/fonts/pk/modeless/zhmetrics/cyberb/cyberb79.632pk> <c:/Users/byml/.texlive2024/texmf-var/fonts/pk/modeless/zhmetrics/unihei/unihei66.632pk> <c:/Users/byml/.texlive2024/texmf-var/fonts/pk/modeless/zhmetrics/unihei/unihei8b.632pk> <c:/Users/byml/.texlive2024/texmf-var/fonts/pk/modeless/zhmetrics/unihei/unihei88.632pk> <c:/Users/byml/.texlive2024/texmf-var/fonts/pk/modeless/zhmetrics/cyberb/cyberb66.632pk> <c:/Users/byml/.texlive2024/texmf-var/fonts/pk/modeless/zhmetrics/cyberb/cyberb8b.632pk> <c:/Users/byml/.texlive2024/texmf-var/fonts/pk/modeless/zhmetrics/cyberb/cyberb72.632pk> <c:/Users/byml/.texlive2024/texmf-var/fonts/pk/modeless/zhmetrics/cyberb/cyberb56.632pk> <c:/Users/byml/.texlive2024/texmf-var/fonts/pk/modeless/zhmetrics/cyberb/cyberb52.632pk> <c:/Users/byml/.texlive2024/texmf-var/fonts/pk/modeless/zhmetrics/cyberb/cyberb90.632pk> <c:/Users/byml/.texlive2024/texmf-var/fonts/pk/modeless/zhmetrics/cyberb/cyberb65.632pk> <c:/Users/byml/.texlive2024/texmf-var/fonts/pk/modeless/zhmetrics/cyberb/cyberb6b.632pk> <c:/Users/byml/.texlive2024/texmf-var/fonts/pk/modeless/zhmetrics/cyberb/cyberb98.632pk> <c:/Users/byml/.texlive2024/texmf-var/fonts/pk/modeless/zhmetrics/cyberb/cyberb68.632pk> <c:/Users/byml/.texlive2024/texmf-var/fonts/pk/modeless/zhmetrics/cyberb/cyberb7e.632pk> <c:/Users/byml/.texlive2024/texmf-var/fonts/pk/modeless/zhmetrics/cyberb/cyberb4e.632pk> <c:/Users/byml/.texlive2024/texmf-var/fonts/pk/modeless/zhmetrics/unihei/unihei98.632pk> <c:/Users/byml/.texlive2024/texmf-var/fonts/pk/modeless/zhmetrics/unihei/unihei68.632pk> <c:/Users/byml/.texlive2024/texmf-var/fonts/pk/modeless/zhmetrics/unihei/unihei7e.632pk> <c:/Users/byml/.texlive2024/texmf-var/fonts/pk/modeless/zhmetrics/unihei/unihei4e.632pk> <c:/Users/byml/.texlive2024/texmf-var/fonts/pk/modeless/zhmetrics/unihei/unihei98.723pk> <c:/Users/byml/.texlive2024/texmf-var/fonts/pk/modeless/zhmetrics/unihei/unihei68.723pk> <c:/Users/byml/.texlive2024/texmf-var/fonts/pk/modeless/zhmetrics/unihei/unihei7e.723pk> <c:/Users/byml/.texlive2024/texmf-var/fonts/pk/modeless/zhmetrics/unihei/unihei4e.723pk> <c:/Users/byml/.texlive2024/texmf-var/fonts/pk/modeless/zhmetrics/cyberb/cyberb4f.542pk> <c:/Users/byml/.texlive2024/texmf-var/fonts/pk/modeless/zhmetrics/cyberb/cyberb63.542pk> <c:/Users/byml/.texlive2024/texmf-var/fonts/pk/modeless/zhmetrics/cyberb/cyberb7a.542pk> <c:/Users/byml/.texlive2024/texmf-var/fonts/pk/modeless/zhmetrics/unihei/unihei53.542pk> <c:/Users/byml/.texlive2024/texmf-var/fonts/pk/modeless/zhmetrics/unihei/unihei7c.542pk> <c:/Users/byml/.texlive2024/texmf-var/fonts/pk/modeless/zhmetrics/unihei/unihei52.542pk> <c:/Users/byml/.texlive2024/texmf-var/fonts/pk/modeless/zhmetrics/unihei/unihei6c.542pk> <c:/Users/byml/.texlive2024/texmf-var/fonts/pk/modeless/zhmetrics/unihei/unihei56.542pk> <c:/Users/byml/.texlive2024/texmf-var/fonts/pk/modeless/zhmetrics/unihei/unihei4e.542pk> <c:/Users/byml/.texlive2024/texmf-var/fonts/pk/modeless/zhmetrics/cyberb/cyberbff.542pk> <c:/Users/byml/.texlive2024/texmf-var/fonts/pk/modeless/zhmetrics/unihei/unihei8b.542pk> <c:/Users/byml/.texlive2024/texmf-var/fonts/pk/modeless/zhmetrics/unihei/unihei95.542pk> <c:/Users/byml/.texlive2024/texmf-var/fonts/pk/modeless/zhmetrics/unihei/unihei51.542pk> <c:/Users/byml/.texlive2024/texmf-var/fonts/pk/modeless/zhmetrics/cyberb/cyberb51.542pk> <c:/Users/byml/.texlive2024/texmf-var/fonts/pk/modeless/zhmetrics/cyberb/cyberb89.542pk> <c:/Users/byml/.texlive2024/texmf-var/fonts/pk/modeless/zhmetrics/cyberb/cyberb64.542pk> <c:/Users/byml/.texlive2024/texmf-var/fonts/pk/modeless/zhmetrics/cyberb/cyberb65.542pk> <c:/Users/byml/.texlive2024/texmf-var/fonts/pk/modeless/zhmetrics/unihei/unihei89.542pk> <c:/Users/byml/.texlive2024/texmf-var/fonts/pk/modeless/zhmetrics/unihei/unihei64.542pk> <c:/Users/byml/.texlive2024/texmf-var/fonts/pk/modeless/zhmetrics/cyberb/cyberb5d.452pk> <c:/Users/byml/.texlive2024/texmf-var/fonts/pk/modeless/zhmetrics/cyberb/cyberb82.452pk> <c:/Users/byml/.texlive2024/texmf-var/fonts/pk/modeless/zhmetrics/cyberb/cyberb96.452pk> <c:/Users/byml/.texlive2024/texmf-var/fonts/pk/modeless/zhmetrics/cyberb/cyberb67.452pk> <c:/Users/byml/.texlive2024/texmf-var/fonts/pk/modeless/zhmetrics/cyberb/cyberb62.452pk> <c:/Users/byml/.texlive2024/texmf-var/fonts/pk/modeless/zhmetrics/cyberb/cyberb79.452pk> <c:/Users/byml/.texlive2024/texmf-var/fonts/pk/modeless/zhmetrics/cyberb/cyberb80.452pk> <c:/Users/byml/.texlive2024/texmf-var/fonts/pk/modeless/zhmetrics/cyberb/cyberb66.452pk> <c:/Users/byml/.texlive2024/texmf-var/fonts/pk/modeless/zhmetrics/cyberb/cyberb5b.452pk> <c:/Users/byml/.texlive2024/texmf-var/fonts/pk/modeless/zhmetrics/cyberb/cyberb59.452pk> <c:/Users/byml/.texlive2024/texmf-var/fonts/pk/modeless/zhmetrics/cyberb/cyberb4e.452pk> <c:/Users/byml/.texlive2024/texmf-var/fonts/pk/modeless/zhmetrics/cyberb/cyberb53.452pk> <c:/Users/byml/.texlive2024/texmf-var/fonts/pk/modeless/zhmetrics/unihei/uniheiff.1325pk> <c:/Users/byml/.texlive2024/texmf-var/fonts/pk/modeless/zhmetrics/unihei/unihei9a.1325pk> <c:/Users/byml/.texlive2024/texmf-var/fonts/pk/modeless/zhmetrics/unihei/unihei5b.1325pk> <c:/Users/byml/.texlive2024/texmf-var/fonts/pk/modeless/zhmetrics/cyberb/cyberb5e.542pk> <c:/Users/byml/.texlive2024/texmf-var/fonts/pk/modeless/zhmetrics/cyberb/cyberb54.542pk> <c:/Users/byml/.texlive2024/texmf-var/fonts/pk/modeless/zhmetrics/cyberb/cyberb62.542pk> <c:/Users/byml/.texlive2024/texmf-var/fonts/pk/modeless/zhmetrics/cyberb/cyberb9a.542pk> <c:/Users/byml/.texlive2024/texmf-var/fonts/pk/modeless/zhmetrics/cyberb/cyberb8b.542pk> <c:/Users/byml/.texlive2024/texmf-var/fonts/pk/modeless/zhmetrics/cyberb/cyberb5b.542pk> <c:/Users/byml/.texlive2024/texmf-var/fonts/pk/modeless/zhmetrics/cyberb/cyberb80.542pk> <c:/Users/byml/.texlive2024/texmf-var/fonts/pk/modeless/zhmetrics/cyberb/cyberb66.542pk> <c:/Users/byml/.texlive2024/texmf-var/fonts/pk/modeless/zhmetrics/cyberb/cyberb5d.542pk> <c:/Users/byml/.texlive2024/texmf-var/fonts/pk/modeless/zhmetrics/cyberb/cyberb4e.542pk> <c:/Users/byml/.texlive2024/texmf-var/fonts/pk/modeless/zhmetrics/cyberb/cyberb67.542pk> <c:/Users/byml/.texlive2024/texmf-var/fonts/pk/modeless/zhmetrics/cyberb/cyberb53.542pk> <c:/Users/byml/.texlive2024/texmf-var/fonts/pk/modeless/zhmetrics/cyberb/cyberb7b.542pk><d:/Program Files/texlive/2024/texmf-dist/fonts/type1/public/amsfonts/cm/cmr10.pfb><d:/Program Files/texlive/2024/texmf-dist/fonts/type1/public/amsfonts/cm/cmr5.pfb><d:/Program Files/texlive/2024/texmf-dist/fonts/type1/public/amsfonts/cm/cmr7.pfb><d:/Program Files/texlive/2024/texmf-dist/fonts/type1/urw/times/utmb8a.pfb><d:/Program Files/texlive/2024/texmf-dist/fonts/type1/urw/times/utmr8a.pfb><d:/Program Files/texlive/2024/texmf-dist/fonts/type1/urw/times/utmri8a.pfb>
Output written on byml_CjC_template.pdf (2 pages, 533318 bytes).
PDF statistics:
 602 PDF objects out of 1000 (max. 8388607)
 421 compressed objects within 5 object streams
 0 named destinations out of 1000 (max. 500000)
 190 words of extra memory for PDF output out of 10000 (max. 10000000)

